TSPAN6
TNMD
DPM1
SCYL3
C1orf112
FGR
CFH
FUCA2
GCLC
NFYA
STPG1
NIPAL3
LAS1L
ENPP4
SEMA3F
CFTR
ANKIB1
CYP51A1
KRIT1
RAD52
BAD
LAP3
CD99
HS3ST1
AOC1
WNT16
HECW1
MAD1L1
LASP1
SNX11
TMEM176A
M6PR
KLHL13
CYP26B1
ICA1
DBNDD1
ALS2
CASP10
CFLAR
TFPI
NDUFAF7
RBM5
MTMR7
SLC7A2
ARF5
SARM1
POLDIP2
PLXND1
AK2
CD38
FKBP4
KDM1A
RBM6
CAMKK1
RECQL
VPS50
HSPB6
ARHGAP33
NDUFAB1
PDK4
SLC22A16
ZMYND10
ABCB5
ARX
SLC25A13
ST7
CDC27
SLC4A1
CALCR
HCCS
DVL2
PRSS22
UPF1
SKAP2
SLC25A5
MCUB
HOXA11
POLR2J
DHX33
MEOX1
THSD7A
LIG3
RPAP3
ACSM3
REXO5
CIAPIN1
SPPL2B
FAM214B
COPZ2
PRKAR2B
MSL3
CREBBP
TSPOAP1
MPO
PON1
GCFC2
WDR54
CROT
ABCB4
